[0718/100940.579:ERROR:process_reader_win.cc(182)] ResumeThread: The parameter is incorrect. (0x57)
[0718/100940.583:ERROR:process_reader_win.cc(151)] SuspendThread: Access is denied. (0x5)
[0718/100940.583:ERROR:process_reader_win.cc(151)] SuspendThread: Access is denied. (0x5)
[0718/100940.583:ERROR:process_reader_win.cc(151)] SuspendThread: Access is denied. (0x5)
[0718/100940.583:ERROR:process_reader_win.cc(151)] SuspendThread: Access is denied. (0x5)
[0718/100940.583:ERROR:process_reader_win.cc(151)] SuspendThread: Access is denied. (0x5)
[0718/100940.583:ERROR:process_reader_win.cc(151)] SuspendThread: Access is denied. (0x5)
[0718/100940.583:ERROR:process_reader_win.cc(151)] SuspendThread: Access is denied. (0x5)
[0718/100940.583:ERROR:process_reader_win.cc(151)] SuspendThread: Access is denied. (0x5)
[0718/100940.583:ERROR:process_reader_win.cc(151)] SuspendThread: Access is denied. (0x5)
[0718/100940.583:ERROR:exception_snapshot_win.cc(87)] thread ID 8104 not found in process
[0718/100940.583:WARNING:crash_report_exception_handler.cc(62)] ProcessSnapshotWin::Initialize failed
[0720/091151.053:ERROR:process_reader_win.cc(182)] ResumeThread: The parameter is incorrect. (0x57)
[0720/091151.056:ERROR:process_reader_win.cc(151)] SuspendThread: Access is denied. (0x5)
[0720/091151.056:ERROR:process_reader_win.cc(151)] SuspendThread: Access is denied. (0x5)
[0720/091151.056:ERROR:process_reader_win.cc(151)] SuspendThread: Access is denied. (0x5)
[0720/091151.056:ERROR:process_reader_win.cc(123)] NtOpenThread: An invalid Client ID was specified.  (0xc000000b)
[0720/091151.060:ERROR:process_reader_win.cc(151)] SuspendThread: Access is denied. (0x5)
[0720/091151.060:ERROR:process_reader_win.cc(151)] SuspendThread: Access is denied. (0x5)
[0720/091151.060:ERROR:process_reader_win.cc(151)] SuspendThread: Access is denied. (0x5)
[0720/091151.060:ERROR:process_reader_win.cc(151)] SuspendThread: Access is denied. (0x5)
[0720/091151.060:ERROR:process_reader_win.cc(151)] SuspendThread: Access is denied. (0x5)
[0720/091151.060:ERROR:process_reader_win.cc(123)] NtOpenThread: An invalid Client ID was specified.  (0xc000000b)
[0720/091151.076:ERROR:process_reader_win.cc(123)] NtOpenThread: An invalid Client ID was specified.  (0xc000000b)
[0720/091151.076:ERROR:exception_snapshot_win.cc(87)] thread ID 6828 not found in process
[0720/091151.076:WARNING:crash_report_exception_handler.cc(62)] ProcessSnapshotWin::Initialize failed
[0720/091151.076:ERROR:scoped_process_suspend.cc(39)] NtResumeProcess: An attempt was made to access an exiting process.  (0xc000010a)
[0810/034201.389:ERROR:process_reader_win.cc(182)] ResumeThread: The parameter is incorrect. (0x57)
[0810/034201.391:ERROR:process_reader_win.cc(151)] SuspendThread: Access is denied. (0x5)
[0810/034201.391:ERROR:process_reader_win.cc(151)] SuspendThread: Access is denied. (0x5)
[0810/034201.391:ERROR:process_reader_win.cc(151)] SuspendThread: Access is denied. (0x5)
[0810/034201.391:ERROR:process_reader_win.cc(123)] NtOpenThread: An invalid Client ID was specified.  (0xc000000b)
[0810/034201.392:ERROR:process_reader_win.cc(151)] SuspendThread: Access is denied. (0x5)
[0810/034201.392:ERROR:process_reader_win.cc(151)] SuspendThread: Access is denied. (0x5)
[0810/034201.392:ERROR:process_reader_win.cc(151)] SuspendThread: Access is denied. (0x5)
[0810/034201.392:ERROR:process_reader_win.cc(151)] SuspendThread: Access is denied. (0x5)
[0810/034201.392:ERROR:process_reader_win.cc(151)] SuspendThread: Access is denied. (0x5)
[0810/034201.392:ERROR:process_reader_win.cc(151)] SuspendThread: Access is denied. (0x5)
[0810/034201.392:ERROR:process_reader_win.cc(151)] SuspendThread: Access is denied. (0x5)
[0810/034201.392:ERROR:exception_snapshot_win.cc(87)] thread ID 3812 not found in process
[0810/034201.392:WARNING:crash_report_exception_handler.cc(62)] ProcessSnapshotWin::Initialize failed
[1113/070139.297:ERROR:file_io.cc(134)] WriteFile: The pipe is being closed. (0xE8)
[1113/070432.499:ERROR:process_reader_win.cc(182)] ResumeThread: The parameter is incorrect. (0x57)
[1113/070432.500:ERROR:process_reader_win.cc(151)] SuspendThread: Access is denied. (0x5)
[1113/070432.500:ERROR:process_reader_win.cc(151)] SuspendThread: Access is denied. (0x5)
[1113/070432.500:ERROR:process_reader_win.cc(151)] SuspendThread: Access is denied. (0x5)
[1113/070432.500:ERROR:process_reader_win.cc(151)] SuspendThread: Access is denied. (0x5)
[1113/070432.500:ERROR:process_reader_win.cc(151)] SuspendThread: Access is denied. (0x5)
[1113/070432.500:ERROR:process_reader_win.cc(151)] SuspendThread: Access is denied. (0x5)
[1113/070432.500:ERROR:process_reader_win.cc(151)] SuspendThread: Access is denied. (0x5)
[1113/070432.500:ERROR:process_reader_win.cc(151)] SuspendThread: Access is denied. (0x5)
[1113/070432.500:ERROR:process_reader_win.cc(151)] SuspendThread: Access is denied. (0x5)
[1113/070432.500:ERROR:process_reader_win.cc(151)] SuspendThread: Access is denied. (0x5)
[1113/070432.500:ERROR:process_reader_win.cc(151)] SuspendThread: Access is denied. (0x5)
[1113/070432.500:ERROR:process_reader_win.cc(151)] SuspendThread: Access is denied. (0x5)
[1113/070432.501:ERROR:process_reader_win.cc(151)] SuspendThread: Access is denied. (0x5)
[1113/070432.501:ERROR:process_reader_win.cc(151)] SuspendThread: Access is denied. (0x5)
[1113/070432.501:ERROR:process_reader_win.cc(151)] SuspendThread: Access is denied. (0x5)
[1113/070432.501:ERROR:exception_snapshot_win.cc(87)] thread ID 10380 not found in process
[1113/070432.501:WARNING:crash_report_exception_handler.cc(62)] ProcessSnapshotWin::Initialize failed
[1130/135644.962:ERROR:process_reader_win.cc(182)] ResumeThread: The parameter is incorrect. (0x57)
[1130/135644.962:ERROR:process_reader_win.cc(151)] SuspendThread: Access is denied. (0x5)
[1130/135644.962:ERROR:process_reader_win.cc(151)] SuspendThread: Access is denied. (0x5)
[1130/135644.962:ERROR:process_reader_win.cc(151)] SuspendThread: Access is denied. (0x5)
[1130/135644.962:ERROR:process_reader_win.cc(151)] SuspendThread: Access is denied. (0x5)
[1130/135644.962:ERROR:process_reader_win.cc(151)] SuspendThread: Access is denied. (0x5)
[1130/135644.962:ERROR:process_reader_win.cc(151)] SuspendThread: Access is denied. (0x5)
[1130/135644.962:ERROR:process_reader_win.cc(123)] NtOpenThread: An invalid Client ID was specified.  (0xc000000b)
[1130/135644.962:ERROR:process_reader_win.cc(151)] SuspendThread: Access is denied. (0x5)
[1130/135644.962:ERROR:process_reader_win.cc(151)] SuspendThread: Access is denied. (0x5)
[1130/135644.962:ERROR:process_reader_win.cc(151)] SuspendThread: Access is denied. (0x5)
[1130/135644.962:ERROR:process_reader_win.cc(151)] SuspendThread: Access is denied. (0x5)
[1130/135644.962:ERROR:process_reader_win.cc(151)] SuspendThread: Access is denied. (0x5)
[1130/135644.962:ERROR:exception_snapshot_win.cc(87)] thread ID 3804 not found in process
[1130/135644.962:WARNING:crash_report_exception_handler.cc(62)] ProcessSnapshotWin::Initialize failed
[1203/085116.343:ERROR:process_info.cc(380)] UncheckedAllocate
[1204/010324.295:ERROR:process_info.cc(380)] UncheckedAllocate
[0110/041937.850:ERROR:process_reader_win.cc(151)] SuspendThread: Access is denied. (0x5)
[0110/041937.852:ERROR:process_reader_win.cc(151)] SuspendThread: Access is denied. (0x5)
[0110/041937.852:ERROR:process_reader_win.cc(151)] SuspendThread: Access is denied. (0x5)
[0110/041937.852:ERROR:process_reader_win.cc(151)] SuspendThread: Access is denied. (0x5)
[0110/041937.852:ERROR:process_reader_win.cc(151)] SuspendThread: Access is denied. (0x5)
[0110/041937.852:ERROR:process_reader_win.cc(151)] SuspendThread: Access is denied. (0x5)
[0110/041937.852:ERROR:process_reader_win.cc(151)] SuspendThread: Access is denied. (0x5)
[0110/041937.852:ERROR:process_reader_win.cc(151)] SuspendThread: Access is denied. (0x5)
[0110/041937.852:ERROR:process_reader_win.cc(151)] SuspendThread: Access is denied. (0x5)
[0110/041937.852:ERROR:process_reader_win.cc(151)] SuspendThread: Access is denied. (0x5)
[0110/041937.852:ERROR:process_reader_win.cc(151)] SuspendThread: Access is denied. (0x5)
[0110/041937.852:ERROR:process_reader_win.cc(151)] SuspendThread: Access is denied. (0x5)
[0110/041937.852:ERROR:exception_snapshot_win.cc(87)] thread ID 6288 not found in process
[0110/041937.852:WARNING:crash_report_exception_handler.cc(62)] ProcessSnapshotWin::Initialize failed
